<?xml version="1.0" encoding="UTF-8"?>
<!-- Generated by org.testng.reporters.JUnitReportReporter -->
<testsuite hostname="Navichinna" failures="0" tests="1" name="restassureScripts.Script003PostMethod" time="3.945" errors="0" timestamp="2023-11-08T11:46:47 IST" skipped="0">
  <testcase classname="restassureScripts.Script003PostMethod" name="postmethod" time="3.945"/>
  <system-out/>
</testsuite> <!-- restassureScripts.Script003PostMethod -->
