<?xml version="1.0" encoding="UTF-8"?>
<!-- Generated by org.testng.reporters.JUnitReportReporter -->
<testsuite hostname="Navichinna" failures="0" tests="1" name="restassureScripts.HamcrestMethods" time="3.523" errors="0" timestamp="2023-11-10T16:05:01 IST" skipped="0">
  <testcase classname="restassureScripts.HamcrestMethods" name="projectdemo" time="3.523"/>
  <system-out/>
</testsuite> <!-- restassureScripts.HamcrestMethods -->
