<?xml version="1.0" encoding="UTF-8"?>
<!-- Generated by org.testng.reporters.JUnitReportReporter -->
<testsuite hostname="Navichinna" failures="0" tests="3" name="restassureScripts.Script006" time="7.627" errors="0" timestamp="2023-11-10T09:39:46 IST" skipped="0">
  <testcase classname="restassureScripts.Script006" name="postmangetreq" time="3.657"/>
  <system-out/>
  <testcase classname="restassureScripts.Script006" name="extract_value_response" time="2.294"/>
  <system-out/>
  <testcase classname="restassureScripts.Script006" name="extract_response_JSONPath" time="1.676"/>
  <system-out/>
</testsuite> <!-- restassureScripts.Script006 -->
