<?xml version="1.0" encoding="UTF-8"?>
<!-- Generated by org.testng.reporters.JUnitReportReporter -->
<testsuite hostname="Navichinna" failures="0" tests="2" name="courseendproject1.Assignment005and006" time="5.429" errors="0" timestamp="2023-11-10T15:39:11 IST" skipped="0">
  <testcase classname="courseendproject1.Assignment005and006" name="assignment005FindByStatus" time="3.270"/>
  <system-out/>
  <testcase classname="courseendproject1.Assignment005and006" name="assignment006Logout" time="2.159"/>
  <system-out/>
</testsuite> <!-- courseendproject1.Assignment005and006 -->
