<?xml version="1.0" encoding="UTF-8"?>
<!-- Generated by org.testng.reporters.JUnitReportReporter -->
<testsuite hostname="Navichinna" failures="0" tests="1" name="restassureScripts.LogMethodss" time="4.155" errors="0" timestamp="2023-11-10T09:51:12 IST" skipped="0">
  <testcase classname="restassureScripts.LogMethodss" name="loggingmethods" time="4.155"/>
  <system-out/>
</testsuite> <!-- restassureScripts.LogMethodss -->
