<?xml version="1.0" encoding="UTF-8"?>
<!-- Generated by org.testng.reporters.JUnitReportReporter -->
<testsuite hostname="Navichinna" failures="0" tests="2" name="restassureScripts.Script008GITHUBBearTokemn" time="6.885" errors="0" timestamp="2023-11-09T14:36:32 IST" skipped="0">
  <testcase classname="restassureScripts.Script008GITHUBBearTokemn" name="Authorization_bearertoken" time="5.767"/>
  <system-out/>
  <testcase classname="restassureScripts.Script008GITHUBBearTokemn" name="Authorization_bearertoken_specificrepo" time="1.118"/>
  <system-out/>
</testsuite> <!-- restassureScripts.Script008GITHUBBearTokemn -->
