<?xml version="1.0" encoding="UTF-8"?>
<!-- Generated by org.testng.reporters.JUnitReportReporter -->
<testsuite hostname="Navichinna" failures="0" tests="3" name="restassureScripts.Script007Hamcrestmethodsvalidation" time="8.955" errors="0" timestamp="2023-11-09T18:36:43 IST" skipped="0">
  <testcase classname="restassureScripts.Script007Hamcrestmethodsvalidation" name="ValidateRepsonseBody" time="4.849"/>
  <system-out/>
  <testcase classname="restassureScripts.Script007Hamcrestmethodsvalidation" name="ValidateRepsonseBody_equlaTo" time="1.996"/>
  <system-out/>
  <testcase classname="restassureScripts.Script007Hamcrestmethodsvalidation" name="ValidateRepsonseBody_hasitems" time="2.110"/>
  <system-out/>
</testsuite> <!-- restassureScripts.Script007Hamcrestmethodsvalidation -->
