<?xml version="1.0" encoding="UTF-8"?>
<!-- Generated by org.testng.reporters.JUnitReportReporter -->
<testsuite hostname="Navichinna" failures="0" tests="1" name="restassureScripts.Script002GetMethods" time="2.336" errors="0" timestamp="2023-11-08T10:21:48 IST" skipped="0">
  <testcase classname="restassureScripts.Script002GetMethods" name="httpGetmethod" time="2.336"/>
  <system-out/>
</testsuite> <!-- restassureScripts.Script002GetMethods -->
