<?xml version="1.0" encoding="UTF-8"?>
<!-- Generated by org.testng.reporters.JUnitReportReporter -->
<testsuite hostname="Navichinna" failures="0" tests="1" name="restassureScripts.Script004PayLoad" time="3.246" errors="0" timestamp="2023-11-08T12:03:52 IST" skipped="0">
  <testcase classname="restassureScripts.Script004PayLoad" name="postusingJSON" time="3.246"/>
  <system-out/>
</testsuite> <!-- restassureScripts.Script004PayLoad -->
