<?xml version="1.0" encoding="UTF-8"?>
<!-- Generated by org.testng.reporters.JUnitReportReporter -->
<testsuite hostname="Navichinna" failures="0" tests="2" name="restassureScripts.Script09PaypolAuthenticate" time="5.208" errors="0" timestamp="2023-11-09T18:11:58 IST" skipped="0">
  <testcase classname="restassureScripts.Script09PaypolAuthenticate" name="GetAccessToekn" time="4.090"/>
  <system-out/>
  <testcase classname="restassureScripts.Script09PaypolAuthenticate" name="paypalTestAPI" time="1.118"/>
  <system-out/>
</testsuite> <!-- restassureScripts.Script09PaypolAuthenticate -->
