<?xml version="1.0" encoding="UTF-8"?>
<!-- Generated by org.testng.reporters.JUnitReportReporter -->
<testsuite hostname="Navichinna" failures="0" tests="2" name="restassureScripts.Script001SetUpCheck" time="3.109" errors="0" timestamp="2023-11-08T10:30:45 IST" skipped="1">
  <testcase classname="restassureScripts.Script001SetUpCheck" name="GetmethodBDDStyle" time="3.109"/>
  <system-out/>
  <testcase classname="restassureScripts.Script001SetUpCheck" name="setupCheck">
    <skipped/>
  </testcase> <!-- setupCheck -->
  <system-out/>
</testsuite> <!-- restassureScripts.Script001SetUpCheck -->
