<?xml version="1.0" encoding="UTF-8"?>
<!-- Generated by org.testng.reporters.JUnitReportReporter -->
<testsuite hostname="Navichinna" failures="0" tests="1" name="restassureScripts.Script0010SSLAuthentication" time="3.192" errors="0" timestamp="2023-11-09T14:35:47 IST" skipped="0">
  <testcase classname="restassureScripts.Script0010SSLAuthentication" name="SSL_authentication" time="3.192"/>
  <system-out/>
</testsuite> <!-- restassureScripts.Script0010SSLAuthentication -->
