<?xml version="1.0" encoding="UTF-8"?>
<!-- Generated by org.testng.reporters.JUnitReportReporter -->
<testsuite hostname="Navichinna" failures="0" tests="1" name="courseendproject1.Assignment001" time="4.342" errors="0" timestamp="2023-11-10T15:25:32 IST" skipped="0">
  <testcase classname="courseendproject1.Assignment001" name="assignment001Post" time="4.342"/>
  <system-out/>
</testsuite> <!-- courseendproject1.Assignment001 -->
