<?xml version="1.0" encoding="UTF-8"?>
<!-- Generated by org.testng.reporters.JUnitReportReporter -->
<testsuite hostname="Navichinna" failures="0" tests="1" name="courseendproject1.Log4jDemo" time="0.018" errors="0" timestamp="2023-11-10T11:04:12 IST" skipped="0">
  <testcase classname="courseendproject1.Log4jDemo" name="method1" time="0.018"/>
  <system-out/>
</testsuite> <!-- courseendproject1.Log4jDemo -->
