<?xml version="1.0" encoding="UTF-8"?>
<!-- Generated by org.testng.reporters.JUnitReportReporter -->
<testsuite hostname="Navichinna" failures="0" tests="1" name="restassureScripts.Script005PayLoadXML" time="4.572" errors="0" timestamp="2023-11-09T14:42:35 IST" skipped="0">
  <testcase classname="restassureScripts.Script005PayLoadXML" name="payloadXML" time="4.572"/>
  <system-out/>
</testsuite> <!-- restassureScripts.Script005PayLoadXML -->
